{
  "RSpec": {
    "coverage": {
      "/home/valsagoth/Workspace/fibonacci-api/config/environment.rb": {
        "lines": [
          null,
          1,
          null,
          null,
          1
        ]
      },
      "/home/valsagoth/Workspace/fibonacci-api/config/application.rb": {
        "lines": [
          1,
          null,
          1,
          null,
          1,
          1,
          1,
          1,
          1,
          1,
          1,
          1,
          1,
          1,
          null,
          null,
          null,
          null,
          null,
          1,
          null,
          1,
          1,
          null,
          1,
          null,
          null,
          null,
          null,
          null,
          null,
          null,
          null,
          null,
          null,
          null,
          null,
          1,
          null,
          null
        ]
      },
      "/home/valsagoth/Workspace/fibonacci-api/config/boot.rb": {
        "lines": [
          1,
          null,
          1,
          1
        ]
      },
      "/home/valsagoth/Workspace/fibonacci-api/config/environments/test.rb": {
        "lines": [
          1,
          null,
          null,
          null,
          null,
          null,
          null,
          1,
          null,
          null,
          1,
          1,
          null,
          null,
          null,
          null,
          1,
          null,
          null,
          1,
          1,
          null,
          null,
          null,
          null,
          1,
          1,
          1,
          null,
          null,
          1,
          null,
          null,
          1,
          null,
          null,
          1,
          null,
          1,
          null,
          null,
          null,
          null,
          1,
          null,
          null,
          1,
          null,
          null,
          1,
          null,
          null,
          1,
          null,
          null,
          null,
          null,
          null,
          null,
          null
        ]
      },
      "/home/valsagoth/Workspace/fibonacci-api/config/initializers/application_controller_renderer.rb": {
        "lines": [
          null,
          null,
          null,
          null,
          null,
          null,
          null,
          null
        ]
      },
      "/home/valsagoth/Workspace/fibonacci-api/config/initializers/backtrace_silencers.rb": {
        "lines": [
          null,
          null,
          null,
          null,
          null,
          null,
          null,
          1
        ]
      },
      "/home/valsagoth/Workspace/fibonacci-api/config/initializers/cors.rb": {
        "lines": [
          null,
          null,
          null,
          null,
          null,
          null,
          null,
          null,
          null,
          null,
          null,
          null,
          null,
          null,
          null,
          null
        ]
      },
      "/home/valsagoth/Workspace/fibonacci-api/config/initializers/filter_parameter_logging.rb": {
        "lines": [
          null,
          null,
          null,
          1,
          null,
          null
        ]
      },
      "/home/valsagoth/Workspace/fibonacci-api/config/initializers/inflections.rb": {
        "lines": [
          null,
          null,
          null,
          null,
          null,
          null,
          null,
          null,
          null,
          null,
          null,
          null,
          null,
          null,
          null,
          null
        ]
      },
      "/home/valsagoth/Workspace/fibonacci-api/config/initializers/mime_types.rb": {
        "lines": [
          null,
          null,
          null,
          null
        ]
      },
      "/home/valsagoth/Workspace/fibonacci-api/config/initializers/wrap_parameters.rb": {
        "lines": [
          null,
          null,
          null,
          null,
          null,
          null,
          1,
          2,
          null,
          null,
          null,
          null,
          null,
          null
        ]
      },
      "/home/valsagoth/Workspace/fibonacci-api/config/routes.rb": {
        "lines": [
          1,
          null,
          null,
          1,
          1,
          null
        ]
      },
      "/home/valsagoth/Workspace/fibonacci-api/spec/support/shared_contexts/shared_validations.rb": {
        "lines": [
          1,
          9,
          null,
          null,
          1,
          2,
          2,
          null,
          null,
          null,
          1,
          2,
          2,
          null,
          null
        ]
      },
      "/home/valsagoth/Workspace/fibonacci-api/app/controllers/fibonacci_controller.rb": {
        "lines": [
          1,
          1,
          5,
          null,
          5,
          null,
          null,
          1,
          0,
          null,
          0,
          null,
          null,
          1,
          null,
          1,
          5,
          null,
          null,
          null,
          null,
          1,
          0,
          null,
          null,
          null,
          null,
          1,
          5,
          null,
          null,
          null,
          null,
          null,
          null,
          null,
          null,
          null
        ]
      },
      "/home/valsagoth/Workspace/fibonacci-api/app/controllers/application_controller.rb": {
        "lines": [
          1,
          1,
          null,
          1,
          5,
          null,
          3,
          null,
          null,
          1,
          5,
          null,
          3,
          null,
          null,
          1,
          2,
          null,
          null
        ]
      },
      "/home/valsagoth/Workspace/fibonacci-api/app/controllers/concerns/render_concern.rb": {
        "lines": [
          1,
          1,
          5,
          5,
          5,
          5,
          null,
          null
        ]
      },
      "/home/valsagoth/Workspace/fibonacci-api/app/interactors/fibonacci_interactor/get_fibonacci_position.rb": {
        "lines": [
          1,
          1,
          1,
          null,
          1,
          5,
          null,
          null,
          1,
          null,
          1,
          null,
          1,
          151,
          151,
          null,
          149,
          149,
          9,
          null,
          140,
          null,
          null,
          149,
          149,
          null,
          null,
          null
        ]
      }
    },
    "timestamp": 1655865317
  }
}
